<?xml version="1.0" encoding="UTF-8"?>
<!-- Generated by org.testng.reporters.JUnitReportReporter -->
<testsuite hostname="DESKTOP-HL4JRJF" failures="0" tests="6" name="com.qa.demotestng.Group" time="0.017" errors="0" timestamp="2022-08-24T20:56:09 IST" skipped="0">
  <testcase classname="com.qa.demotestng.Group" name="createProduct" time="0.001"/>
  <system-out>
    <![CDATA[createProduct]]>
  </system-out>
  <testcase classname="com.qa.demotestng.Group" name="CreateUser" time="0.012"/>
  <system-out>
    <![CDATA[CreateUser]]>
  </system-out>
  <testcase classname="com.qa.demotestng.Group" name="editProduct" time="0.001"/>
  <system-out>
    <![CDATA[editProduct]]>
  </system-out>
  <testcase classname="com.qa.demotestng.Group" name="editUser" time="0.002"/>
  <system-out>
    <![CDATA[editUser]]>
  </system-out>
  <testcase classname="com.qa.demotestng.Group" name="deleteProduct" time="0.001"/>
  <system-out>
    <![CDATA[deleteProduct]]>
  </system-out>
  <testcase classname="com.qa.demotestng.Group" name="deleteUser" time="0.000"/>
  <system-out>
    <![CDATA[deleteUser]]>
  </system-out>
</testsuite> <!-- com.qa.demotestng.Group -->
