<?xml version="1.0" encoding="UTF-8"?>
<!-- Generated by org.testng.reporters.JUnitReportReporter -->
<testsuite hostname="DESKTOP-HL4JRJF" failures="0" tests="6" name="com.qa.demotestng.DemoA" time="0.171" errors="0" timestamp="2022-08-23T20:32:37 IST" skipped="0">
  <testcase classname="com.qa.demotestng.DemoA" name="CreateUser" time="0.134"/>
  <system-out>
    <![CDATA[CreateUser]]>
  </system-out>
  <testcase classname="com.qa.demotestng.DemoA" name="createProduct" time="0.005"/>
  <system-out>
    <![CDATA[createProduct]]>
  </system-out>
  <testcase classname="com.qa.demotestng.DemoA" name="editProduct" time="0.006"/>
  <system-out>
    <![CDATA[editProduct]]>
  </system-out>
  <testcase classname="com.qa.demotestng.DemoA" name="editUser" time="0.004"/>
  <system-out>
    <![CDATA[editUser]]>
  </system-out>
  <testcase classname="com.qa.demotestng.DemoA" name="deleteProduct" time="0.006"/>
  <system-out>
    <![CDATA[deleteProduct]]>
  </system-out>
  <testcase classname="com.qa.demotestng.DemoA" name="deleteUser" time="0.016"/>
  <system-out>
    <![CDATA[deleteUser]]>
  </system-out>
</testsuite> <!-- com.qa.demotestng.DemoA -->
