<?xml version="1.0" encoding="UTF-8"?>
<!-- Generated by org.testng.reporters.JUnitReportReporter -->
<testsuite hostname="DESKTOP-HL4JRJF" failures="0" tests="3" name="com.qa.demotestng.CrossBrowser" time="122.475" errors="0" timestamp="2022-08-25T19:16:30 IST" skipped="0">
  <testcase classname="com.qa.demotestng.CrossBrowser" name="testParameterWithXML" time="29.361"/>
  <system-out/>
  <testcase classname="com.qa.demotestng.CrossBrowser" name="testParameterWithXML" time="18.675"/>
  <system-out/>
  <testcase classname="com.qa.demotestng.CrossBrowser" name="testParameterWithXML" time="74.439"/>
  <system-out/>
</testsuite> <!-- com.qa.demotestng.CrossBrowser -->
