<?xml version="1.0" encoding="UTF-8"?>
<!-- Generated by org.testng.reporters.JUnitReportReporter -->
<testsuite hostname="DESKTOP-HL4JRJF" failures="0" tests="1" name="com.qa.demotestng.GroupDemo" time="121.148" errors="0" timestamp="2022-08-24T21:31:14 IST" skipped="0">
  <testcase classname="com.qa.demotestng.GroupDemo" name="starting_point" time="121.148"/>
  <system-out/>
</testsuite> <!-- com.qa.demotestng.GroupDemo -->
