<?xml version="1.0" encoding="UTF-8"?>
<!-- Generated by org.testng.reporters.JUnitReportReporter -->
<testsuite hostname="DESKTOP-HL4JRJF" failures="0" tests="2" name="com.qa.demotestng.MultipleBrowser" time="472.688" errors="0" timestamp="2022-08-24T22:05:33 IST" skipped="0">
  <testcase classname="com.qa.demotestng.MultipleBrowser" name="loginFFandCHROME" time="235.512"/>
  <system-out/>
  <testcase classname="com.qa.demotestng.MultipleBrowser" name="loginFFandCHROME" time="237.176"/>
  <system-out/>
</testsuite> <!-- com.qa.demotestng.MultipleBrowser -->
