<?xml version="1.0" encoding="UTF-8"?>
<!-- Generated by org.testng.reporters.JUnitReportReporter -->
<testsuite hostname="DESKTOP-HL4JRJF" failures="0" tests="2" name="com.qa.demotestng.DemoDP" time="0.009" errors="0" timestamp="2022-08-26T20:48:55 IST" skipped="0">
  <testcase classname="com.qa.demotestng.DemoDP" name="myTest" time="0.001"/>
  <system-out/>
  <testcase classname="com.qa.demotestng.DemoDP" name="myTest" time="0.008"/>
  <system-out/>
</testsuite> <!-- com.qa.demotestng.DemoDP -->
