<?xml version="1.0" encoding="UTF-8"?>
<!-- Generated by org.testng.reporters.JUnitReportReporter -->
<testsuite hostname="DESKTOP-HL4JRJF" failures="0" tests="2" name="com.qa.demotestng.MultipleBrowser" time="447.129" errors="0" timestamp="2022-08-24T09:25:15 IST" skipped="0">
  <testcase classname="com.qa.demotestng.MultipleBrowser" name="loginFFandCHROME" time="218.663"/>
  <system-out/>
  <testcase classname="com.qa.demotestng.MultipleBrowser" name="loginFFandCHROME" time="228.466"/>
  <system-out/>
</testsuite> <!-- com.qa.demotestng.MultipleBrowser -->
